0 info it worked if it ends with ok
1 verbose cli [ 'node', '/usr/local/bin/npm', 'install' ]
2 info using npm@1.4.28
3 info using node@v0.10.33
4 warn package.json node-js-getting-started@1.0.0 No repository field.
5 verbose readDependencies using package.json deps
6 verbose install where, deps [ '/Users/harryfeng/Documents/iOSKitchenSink/leanCloudServerFiles',
6 verbose install   [ 'body-parser',
6 verbose install     'connect-timeout',
6 verbose install     'cookie-parser',
6 verbose install     'ejs',
6 verbose install     'express',
6 verbose install     'leanengine' ] ]
7 info preinstall node-js-getting-started@1.0.0
8 verbose readDependencies using package.json deps
9 verbose cache add [ 'body-parser@1.12.3', null ]
10 verbose cache add name=undefined spec="body-parser@1.12.3" args=["body-parser@1.12.3",null]
11 verbose parsed url { protocol: null,
11 verbose parsed url   slashes: null,
11 verbose parsed url   auth: null,
11 verbose parsed url   host: null,
11 verbose parsed url   port: null,
11 verbose parsed url   hostname: null,
11 verbose parsed url   hash: null,
11 verbose parsed url   search: null,
11 verbose parsed url   query: null,
11 verbose parsed url   pathname: 'body-parser@1.12.3',
11 verbose parsed url   path: 'body-parser@1.12.3',
11 verbose parsed url   href: 'body-parser@1.12.3' }
12 verbose cache add [ 'connect-timeout@^1.7.0', null ]
13 verbose cache add name=undefined spec="connect-timeout@^1.7.0" args=["connect-timeout@^1.7.0",null]
14 verbose parsed url { protocol: null,
14 verbose parsed url   slashes: null,
14 verbose parsed url   auth: null,
14 verbose parsed url   host: null,
14 verbose parsed url   port: null,
14 verbose parsed url   hostname: null,
14 verbose parsed url   hash: null,
14 verbose parsed url   search: null,
14 verbose parsed url   query: null,
14 verbose parsed url   pathname: 'connect-timeout@^1.7.0',
14 verbose parsed url   path: 'connect-timeout@^1.7.0',
14 verbose parsed url   href: 'connect-timeout@^1.7.0' }
15 verbose cache add [ 'cookie-parser@^1.3.5', null ]
16 verbose cache add name=undefined spec="cookie-parser@^1.3.5" args=["cookie-parser@^1.3.5",null]
17 verbose parsed url { protocol: null,
17 verbose parsed url   slashes: null,
17 verbose parsed url   auth: null,
17 verbose parsed url   host: null,
17 verbose parsed url   port: null,
17 verbose parsed url   hostname: null,
17 verbose parsed url   hash: null,
17 verbose parsed url   search: null,
17 verbose parsed url   query: null,
17 verbose parsed url   pathname: 'cookie-parser@^1.3.5',
17 verbose parsed url   path: 'cookie-parser@^1.3.5',
17 verbose parsed url   href: 'cookie-parser@^1.3.5' }
18 verbose cache add [ 'ejs@2.3.1', null ]
19 verbose cache add name=undefined spec="ejs@2.3.1" args=["ejs@2.3.1",null]
20 verbose parsed url { protocol: null,
20 verbose parsed url   slashes: null,
20 verbose parsed url   auth: null,
20 verbose parsed url   host: null,
20 verbose parsed url   port: null,
20 verbose parsed url   hostname: null,
20 verbose parsed url   hash: null,
20 verbose parsed url   search: null,
20 verbose parsed url   query: null,
20 verbose parsed url   pathname: 'ejs@2.3.1',
20 verbose parsed url   path: 'ejs@2.3.1',
20 verbose parsed url   href: 'ejs@2.3.1' }
21 verbose cache add name="body-parser" spec="1.12.3" args=["body-parser","1.12.3"]
22 verbose parsed url { protocol: null,
22 verbose parsed url   slashes: null,
22 verbose parsed url   auth: null,
22 verbose parsed url   host: null,
22 verbose parsed url   port: null,
22 verbose parsed url   hostname: null,
22 verbose parsed url   hash: null,
22 verbose parsed url   search: null,
22 verbose parsed url   query: null,
22 verbose parsed url   pathname: '1.12.3',
22 verbose parsed url   path: '1.12.3',
22 verbose parsed url   href: '1.12.3' }
23 verbose addNamed [ 'body-parser', '1.12.3' ]
24 verbose addNamed [ '1.12.3', '1.12.3' ]
25 verbose cache add name="connect-timeout" spec="^1.7.0" args=["connect-timeout","^1.7.0"]
26 verbose parsed url { protocol: null,
26 verbose parsed url   slashes: null,
26 verbose parsed url   auth: null,
26 verbose parsed url   host: null,
26 verbose parsed url   port: null,
26 verbose parsed url   hostname: null,
26 verbose parsed url   hash: null,
26 verbose parsed url   search: null,
26 verbose parsed url   query: null,
26 verbose parsed url   pathname: '^1.7.0',
26 verbose parsed url   path: '^1.7.0',
26 verbose parsed url   href: '^1.7.0' }
27 verbose addNamed [ 'connect-timeout', '^1.7.0' ]
28 verbose addNamed [ null, '>=1.7.0-0 <2.0.0-0' ]
29 verbose cache add name="cookie-parser" spec="^1.3.5" args=["cookie-parser","^1.3.5"]
30 verbose parsed url { protocol: null,
30 verbose parsed url   slashes: null,
30 verbose parsed url   auth: null,
30 verbose parsed url   host: null,
30 verbose parsed url   port: null,
30 verbose parsed url   hostname: null,
30 verbose parsed url   hash: null,
30 verbose parsed url   search: null,
30 verbose parsed url   query: null,
30 verbose parsed url   pathname: '^1.3.5',
30 verbose parsed url   path: '^1.3.5',
30 verbose parsed url   href: '^1.3.5' }
31 verbose addNamed [ 'cookie-parser', '^1.3.5' ]
32 verbose addNamed [ null, '>=1.3.5-0 <2.0.0-0' ]
33 verbose cache add [ 'express@4.12.3', null ]
34 verbose cache add name=undefined spec="express@4.12.3" args=["express@4.12.3",null]
35 verbose parsed url { protocol: null,
35 verbose parsed url   slashes: null,
35 verbose parsed url   auth: null,
35 verbose parsed url   host: null,
35 verbose parsed url   port: null,
35 verbose parsed url   hostname: null,
35 verbose parsed url   hash: null,
35 verbose parsed url   search: null,
35 verbose parsed url   query: null,
35 verbose parsed url   pathname: 'express@4.12.3',
35 verbose parsed url   path: 'express@4.12.3',
35 verbose parsed url   href: 'express@4.12.3' }
36 verbose cache add name="ejs" spec="2.3.1" args=["ejs","2.3.1"]
37 verbose parsed url { protocol: null,
37 verbose parsed url   slashes: null,
37 verbose parsed url   auth: null,
37 verbose parsed url   host: null,
37 verbose parsed url   port: null,
37 verbose parsed url   hostname: null,
37 verbose parsed url   hash: null,
37 verbose parsed url   search: null,
37 verbose parsed url   query: null,
37 verbose parsed url   pathname: '2.3.1',
37 verbose parsed url   path: '2.3.1',
37 verbose parsed url   href: '2.3.1' }
38 verbose addNamed [ 'ejs', '2.3.1' ]
39 verbose addNamed [ '2.3.1', '2.3.1' ]
40 silly lockFile 8155d77e-body-parser-1-12-3 body-parser@1.12.3
41 verbose lock body-parser@1.12.3 /Users/harryfeng/.npm/8155d77e-body-parser-1-12-3.lock
42 silly lockFile 7ddf09f0-connect-timeout-1-7-0 connect-timeout@^1.7.0
43 verbose lock connect-timeout@^1.7.0 /Users/harryfeng/.npm/7ddf09f0-connect-timeout-1-7-0.lock
44 silly lockFile 05b0ee8d-cookie-parser-1-3-5 cookie-parser@^1.3.5
45 verbose lock cookie-parser@^1.3.5 /Users/harryfeng/.npm/05b0ee8d-cookie-parser-1-3-5.lock
46 silly lockFile 823d5f08-ejs-2-3-1 ejs@2.3.1
47 verbose lock ejs@2.3.1 /Users/harryfeng/.npm/823d5f08-ejs-2-3-1.lock
48 verbose cache add [ 'leanengine@^1.0.0-beta', null ]
49 verbose cache add name=undefined spec="leanengine@^1.0.0-beta" args=["leanengine@^1.0.0-beta",null]
50 verbose parsed url { protocol: null,
50 verbose parsed url   slashes: null,
50 verbose parsed url   auth: null,
50 verbose parsed url   host: null,
50 verbose parsed url   port: null,
50 verbose parsed url   hostname: null,
50 verbose parsed url   hash: null,
50 verbose parsed url   search: null,
50 verbose parsed url   query: null,
50 verbose parsed url   pathname: 'leanengine@^1.0.0-beta',
50 verbose parsed url   path: 'leanengine@^1.0.0-beta',
50 verbose parsed url   href: 'leanengine@^1.0.0-beta' }
51 verbose cache add name="express" spec="4.12.3" args=["express","4.12.3"]
52 verbose parsed url { protocol: null,
52 verbose parsed url   slashes: null,
52 verbose parsed url   auth: null,
52 verbose parsed url   host: null,
52 verbose parsed url   port: null,
52 verbose parsed url   hostname: null,
52 verbose parsed url   hash: null,
52 verbose parsed url   search: null,
52 verbose parsed url   query: null,
52 verbose parsed url   pathname: '4.12.3',
52 verbose parsed url   path: '4.12.3',
52 verbose parsed url   href: '4.12.3' }
53 verbose addNamed [ 'express', '4.12.3' ]
54 verbose addNamed [ '4.12.3', '4.12.3' ]
55 silly lockFile 0b3fc563-express-4-12-3 express@4.12.3
56 verbose lock express@4.12.3 /Users/harryfeng/.npm/0b3fc563-express-4-12-3.lock
57 verbose cache add name="leanengine" spec="^1.0.0-beta" args=["leanengine","^1.0.0-beta"]
58 verbose parsed url { protocol: null,
58 verbose parsed url   slashes: null,
58 verbose parsed url   auth: null,
58 verbose parsed url   host: null,
58 verbose parsed url   port: null,
58 verbose parsed url   hostname: null,
58 verbose parsed url   hash: null,
58 verbose parsed url   search: null,
58 verbose parsed url   query: null,
58 verbose parsed url   pathname: '^1.0.0-beta',
58 verbose parsed url   path: '^1.0.0-beta',
58 verbose parsed url   href: '^1.0.0-beta' }
59 verbose addNamed [ 'leanengine', '^1.0.0-beta' ]
60 verbose addNamed [ null, '>=1.0.0-beta <2.0.0-0' ]
61 silly lockFile c09cc3a4-leanengine-1-0-0-beta leanengine@^1.0.0-beta
62 verbose lock leanengine@^1.0.0-beta /Users/harryfeng/.npm/c09cc3a4-leanengine-1-0-0-beta.lock
63 silly addNameRange { name: 'connect-timeout',
63 silly addNameRange   range: '>=1.7.0-0 <2.0.0-0',
63 silly addNameRange   hasData: false }
64 silly addNameRange { name: 'cookie-parser',
64 silly addNameRange   range: '>=1.3.5-0 <2.0.0-0',
64 silly addNameRange   hasData: false }
65 silly addNameRange { name: 'leanengine',
65 silly addNameRange   range: '>=1.0.0-beta <2.0.0-0',
65 silly addNameRange   hasData: false }
66 verbose request where is /cookie-parser
67 verbose request registry https://registry.npmjs.org/
68 verbose request id 1e427281ede9ee76
69 verbose url raw /cookie-parser
70 verbose url resolving [ 'https://registry.npmjs.org/', './cookie-parser' ]
71 verbose url resolved https://registry.npmjs.org/cookie-parser
72 verbose request where is https://registry.npmjs.org/cookie-parser
73 info trying registry request attempt 1 at 15:28:07
74 verbose etag "I0AHDZK8765L6MZGXGT3V3DI"
75 http GET https://registry.npmjs.org/cookie-parser
76 verbose request where is /connect-timeout
77 verbose request registry https://registry.npmjs.org/
78 verbose url raw /connect-timeout
79 verbose url resolving [ 'https://registry.npmjs.org/', './connect-timeout' ]
80 verbose url resolved https://registry.npmjs.org/connect-timeout
81 verbose request where is https://registry.npmjs.org/connect-timeout
82 info trying registry request attempt 1 at 15:28:07
83 verbose etag "85S5S9PA4XYEJLNZQ43J7MA58"
84 http GET https://registry.npmjs.org/connect-timeout
85 verbose request where is /ejs
86 verbose request registry https://registry.npmjs.org/
87 verbose url raw /ejs
88 verbose url resolving [ 'https://registry.npmjs.org/', './ejs' ]
89 verbose url resolved https://registry.npmjs.org/ejs
90 verbose request where is https://registry.npmjs.org/ejs
91 info trying registry request attempt 1 at 15:28:07
92 verbose etag "848ICFWQLUPMJVZI27FVWW4PL"
93 http GET https://registry.npmjs.org/ejs
94 verbose request where is /body-parser
95 verbose request registry https://registry.npmjs.org/
96 verbose url raw /body-parser
97 verbose url resolving [ 'https://registry.npmjs.org/', './body-parser' ]
98 verbose url resolved https://registry.npmjs.org/body-parser
99 verbose request where is https://registry.npmjs.org/body-parser
100 info trying registry request attempt 1 at 15:28:07
101 verbose etag "BA239LDJ8OVYYDJGF6QH6KM1C"
102 http GET https://registry.npmjs.org/body-parser
103 verbose request where is /express
104 verbose request registry https://registry.npmjs.org/
105 verbose url raw /express
106 verbose url resolving [ 'https://registry.npmjs.org/', './express' ]
107 verbose url resolved https://registry.npmjs.org/express
108 verbose request where is https://registry.npmjs.org/express
109 info trying registry request attempt 1 at 15:28:07
110 verbose etag "7FTU21L53SL34J22G75JTARKU"
111 http GET https://registry.npmjs.org/express
112 verbose request where is /leanengine
113 verbose request registry https://registry.npmjs.org/
114 verbose url raw /leanengine
115 verbose url resolving [ 'https://registry.npmjs.org/', './leanengine' ]
116 verbose url resolved https://registry.npmjs.org/leanengine
117 verbose request where is https://registry.npmjs.org/leanengine
118 info trying registry request attempt 1 at 15:28:07
119 verbose etag "9SUOR829OZAI9ECLEHXHB3RCE"
120 http GET https://registry.npmjs.org/leanengine
121 http 200 https://registry.npmjs.org/ejs
122 silly registry.get cb [ 200,
122 silly registry.get   { server: 'CouchDB/1.5.0 (Erlang OTP/R16B03)',
122 silly registry.get     etag: '"A8ULS2BFUQZIDWRQBVXIJ1MK2"',
122 silly registry.get     'content-type': 'application/json',
122 silly registry.get     'content-encoding': 'gzip',
122 silly registry.get     'cache-control': 'max-age=300',
122 silly registry.get     'content-length': '10992',
122 silly registry.get     'accept-ranges': 'bytes',
122 silly registry.get     date: 'Thu, 01 Sep 2016 07:28:08 GMT',
122 silly registry.get     via: '1.1 varnish',
122 silly registry.get     age: '47',
122 silly registry.get     connection: 'keep-alive',
122 silly registry.get     'x-served-by': 'cache-hkg6824-HKG',
122 silly registry.get     'x-cache': 'HIT',
122 silly registry.get     'x-cache-hits': '11',
122 silly registry.get     'x-timer': 'S1472714888.166037,VS0,VE0',
122 silly registry.get     vary: 'Accept-Encoding' } ]
123 silly lockFile f5dbddfd-stry-npmjs-org-ejs-ejs-2-3-1-tgz https://registry.npmjs.org/ejs/-/ejs-2.3.1.tgz
124 verbose lock https://registry.npmjs.org/ejs/-/ejs-2.3.1.tgz /Users/harryfeng/.npm/f5dbddfd-stry-npmjs-org-ejs-ejs-2-3-1-tgz.lock
125 verbose addRemoteTarball [ 'https://registry.npmjs.org/ejs/-/ejs-2.3.1.tgz',
125 verbose addRemoteTarball   'a697d98ac401e32a99c3deed92c60c19b6199a7f' ]
126 info retry fetch attempt 1 at 15:28:08
127 verbose fetch to= /var/folders/c5/0rvm0_nd4hvb402bm3vhj4g80000gp/T/npm-15955-mx8upoFJ/registry.npmjs.org/ejs/-/ejs-2.3.1.tgz
128 http GET https://registry.npmjs.org/ejs/-/ejs-2.3.1.tgz
129 http 200 https://registry.npmjs.org/cookie-parser
130 silly registry.get cb [ 200,
130 silly registry.get   { server: 'CouchDB/1.5.0 (Erlang OTP/R16B03)',
130 silly registry.get     etag: '"C5GMDDGTNH89ZSBPJ2JLU0AK7"',
130 silly registry.get     'content-type': 'application/json',
130 silly registry.get     'content-encoding': 'gzip',
130 silly registry.get     'cache-control': 'max-age=300',
130 silly registry.get     'content-length': '5093',
130 silly registry.get     'accept-ranges': 'bytes',
130 silly registry.get     date: 'Thu, 01 Sep 2016 07:28:08 GMT',
130 silly registry.get     via: '1.1 varnish',
130 silly registry.get     age: '163',
130 silly registry.get     connection: 'keep-alive',
130 silly registry.get     'x-served-by': 'cache-hkg6821-HKG',
130 silly registry.get     'x-cache': 'HIT',
130 silly registry.get     'x-cache-hits': '7',
130 silly registry.get     'x-timer': 'S1472714888.198583,VS0,VE0',
130 silly registry.get     vary: 'Accept-Encoding' } ]
131 silly addNameRange number 2 { name: 'cookie-parser',
131 silly addNameRange   range: '>=1.3.5-0 <2.0.0-0',
131 silly addNameRange   hasData: true }
132 silly addNameRange versions [ 'cookie-parser',
132 silly addNameRange   [ '1.0.0',
132 silly addNameRange     '1.0.1',
132 silly addNameRange     '1.1.0',
132 silly addNameRange     '1.2.0',
132 silly addNameRange     '1.3.0',
132 silly addNameRange     '1.3.1',
132 silly addNameRange     '1.3.2',
132 silly addNameRange     '1.3.3',
132 silly addNameRange     '1.3.4',
132 silly addNameRange     '1.3.5',
132 silly addNameRange     '1.4.0',
132 silly addNameRange     '1.4.1',
132 silly addNameRange     '1.4.2',
132 silly addNameRange     '1.4.3' ] ]
133 verbose addNamed [ 'cookie-parser', '1.4.3' ]
134 verbose addNamed [ '1.4.3', '1.4.3' ]
135 silly lockFile fa8c12b2-cookie-parser-1-4-3 cookie-parser@1.4.3
136 verbose lock cookie-parser@1.4.3 /Users/harryfeng/.npm/fa8c12b2-cookie-parser-1-4-3.lock
137 silly lockFile fa8c12b2-cookie-parser-1-4-3 cookie-parser@1.4.3
138 silly lockFile fa8c12b2-cookie-parser-1-4-3 cookie-parser@1.4.3
139 silly lockFile 05b0ee8d-cookie-parser-1-3-5 cookie-parser@^1.3.5
140 silly lockFile 05b0ee8d-cookie-parser-1-3-5 cookie-parser@^1.3.5
141 http 200 https://registry.npmjs.org/express
142 silly registry.get cb [ 200,
142 silly registry.get   { server: 'CouchDB/1.5.0 (Erlang OTP/R16B03)',
142 silly registry.get     etag: '"5S6G9NGSNLXHFEI79SZPW2VWA"',
142 silly registry.get     'content-type': 'application/json',
142 silly registry.get     'content-encoding': 'gzip',
142 silly registry.get     'cache-control': 'max-age=300',
142 silly registry.get     'content-length': '56080',
142 silly registry.get     'accept-ranges': 'bytes',
142 silly registry.get     date: 'Thu, 01 Sep 2016 07:28:08 GMT',
142 silly registry.get     via: '1.1 varnish',
142 silly registry.get     age: '88',
142 silly registry.get     connection: 'keep-alive',
142 silly registry.get     'x-served-by': 'cache-hkg6823-HKG',
142 silly registry.get     'x-cache': 'HIT',
142 silly registry.get     'x-cache-hits': '2',
142 silly registry.get     'x-timer': 'S1472714888.165699,VS0,VE0',
142 silly registry.get     vary: 'Accept-Encoding' } ]
143 http 200 https://registry.npmjs.org/body-parser
144 silly registry.get cb [ 200,
144 silly registry.get   { server: 'CouchDB/1.5.0 (Erlang OTP/R16B03)',
144 silly registry.get     etag: '"7BBU3Y9C7Y955T07S8ABF4E0I"',
144 silly registry.get     'content-type': 'application/json',
144 silly registry.get     'content-encoding': 'gzip',
144 silly registry.get     'cache-control': 'max-age=300',
144 silly registry.get     'content-length': '16229',
144 silly registry.get     'accept-ranges': 'bytes',
144 silly registry.get     date: 'Thu, 01 Sep 2016 07:28:08 GMT',
144 silly registry.get     via: '1.1 varnish',
144 silly registry.get     age: '97',
144 silly registry.get     connection: 'keep-alive',
144 silly registry.get     'x-served-by': 'cache-hkg6824-HKG',
144 silly registry.get     'x-cache': 'HIT',
144 silly registry.get     'x-cache-hits': '2',
144 silly registry.get     'x-timer': 'S1472714888.193416,VS0,VE0',
144 silly registry.get     vary: 'Accept-Encoding' } ]
145 silly lockFile c3db49de-s-org-express-express-4-12-3-tgz https://registry.npmjs.org/express/-/express-4.12.3.tgz
146 verbose lock https://registry.npmjs.org/express/-/express-4.12.3.tgz /Users/harryfeng/.npm/c3db49de-s-org-express-express-4-12-3-tgz.lock
147 verbose addRemoteTarball [ 'https://registry.npmjs.org/express/-/express-4.12.3.tgz',
147 verbose addRemoteTarball   '6b9d94aec5ae03270d86d390c277a8c5a5ad0ee2' ]
148 silly lockFile b3fe3611-dy-parser-body-parser-1-12-3-tgz https://registry.npmjs.org/body-parser/-/body-parser-1.12.3.tgz
149 verbose lock https://registry.npmjs.org/body-parser/-/body-parser-1.12.3.tgz /Users/harryfeng/.npm/b3fe3611-dy-parser-body-parser-1-12-3-tgz.lock
150 info retry fetch attempt 1 at 15:28:08
151 verbose fetch to= /var/folders/c5/0rvm0_nd4hvb402bm3vhj4g80000gp/T/npm-15955-mx8upoFJ/registry.npmjs.org/express/-/express-4.12.3.tgz
152 verbose addRemoteTarball [ 'https://registry.npmjs.org/body-parser/-/body-parser-1.12.3.tgz',
152 verbose addRemoteTarball   '5f40bf17e7823be6895d4d35582752e36cf97f71' ]
153 http GET https://registry.npmjs.org/express/-/express-4.12.3.tgz
154 info retry fetch attempt 1 at 15:28:08
155 verbose fetch to= /var/folders/c5/0rvm0_nd4hvb402bm3vhj4g80000gp/T/npm-15955-mx8upoFJ/registry.npmjs.org/body-parser/-/body-parser-1.12.3.tgz
156 http GET https://registry.npmjs.org/body-parser/-/body-parser-1.12.3.tgz
157 http 200 https://registry.npmjs.org/ejs/-/ejs-2.3.1.tgz
158 silly lockFile f5dbddfd-stry-npmjs-org-ejs-ejs-2-3-1-tgz https://registry.npmjs.org/ejs/-/ejs-2.3.1.tgz
159 silly lockFile f5dbddfd-stry-npmjs-org-ejs-ejs-2-3-1-tgz https://registry.npmjs.org/ejs/-/ejs-2.3.1.tgz
160 silly lockFile 823d5f08-ejs-2-3-1 ejs@2.3.1
161 silly lockFile 823d5f08-ejs-2-3-1 ejs@2.3.1
162 http 304 https://registry.npmjs.org/connect-timeout
163 silly registry.get cb [ 304,
163 silly registry.get   { date: 'Thu, 01 Sep 2016 07:28:08 GMT',
163 silly registry.get     via: '1.1 varnish',
163 silly registry.get     'cache-control': 'max-age=300',
163 silly registry.get     etag: '"85S5S9PA4XYEJLNZQ43J7MA58"',
163 silly registry.get     age: '0',
163 silly registry.get     connection: 'keep-alive',
163 silly registry.get     'x-served-by': 'cache-hkg6824-HKG',
163 silly registry.get     'x-cache': 'HIT',
163 silly registry.get     'x-cache-hits': '1',
163 silly registry.get     'x-timer': 'S1472714888.203779,VS0,VE200',
163 silly registry.get     vary: 'Accept-Encoding' } ]
164 verbose etag https://registry.npmjs.org/connect-timeout from cache
165 silly addNameRange number 2 { name: 'connect-timeout',
165 silly addNameRange   range: '>=1.7.0-0 <2.0.0-0',
165 silly addNameRange   hasData: true }
166 silly addNameRange versions [ 'connect-timeout',
166 silly addNameRange   [ '0.0.1',
166 silly addNameRange     '1.0.0',
166 silly addNameRange     '1.0.1',
166 silly addNameRange     '1.1.0',
166 silly addNameRange     '1.1.1',
166 silly addNameRange     '1.2.0',
166 silly addNameRange     '1.2.1',
166 silly addNameRange     '1.2.2',
166 silly addNameRange     '1.3.0',
166 silly addNameRange     '1.4.0',
166 silly addNameRange     '1.5.0',
166 silly addNameRange     '1.6.0',
166 silly addNameRange     '1.6.1',
166 silly addNameRange     '1.6.2',
166 silly addNameRange     '1.7.0' ] ]
167 verbose addNamed [ 'connect-timeout', '1.7.0' ]
168 verbose addNamed [ '1.7.0', '1.7.0' ]
169 silly lockFile 87e68219-connect-timeout-1-7-0 connect-timeout@1.7.0
170 verbose lock connect-timeout@1.7.0 /Users/harryfeng/.npm/87e68219-connect-timeout-1-7-0.lock
171 silly lockFile 87e68219-connect-timeout-1-7-0 connect-timeout@1.7.0
172 silly lockFile 87e68219-connect-timeout-1-7-0 connect-timeout@1.7.0
173 silly lockFile 7ddf09f0-connect-timeout-1-7-0 connect-timeout@^1.7.0
174 silly lockFile 7ddf09f0-connect-timeout-1-7-0 connect-timeout@^1.7.0
175 http 200 https://registry.npmjs.org/body-parser/-/body-parser-1.12.3.tgz
176 http 200 https://registry.npmjs.org/express/-/express-4.12.3.tgz
177 silly lockFile b3fe3611-dy-parser-body-parser-1-12-3-tgz https://registry.npmjs.org/body-parser/-/body-parser-1.12.3.tgz
178 silly lockFile b3fe3611-dy-parser-body-parser-1-12-3-tgz https://registry.npmjs.org/body-parser/-/body-parser-1.12.3.tgz
179 silly lockFile 8155d77e-body-parser-1-12-3 body-parser@1.12.3
180 silly lockFile 8155d77e-body-parser-1-12-3 body-parser@1.12.3
181 silly lockFile c3db49de-s-org-express-express-4-12-3-tgz https://registry.npmjs.org/express/-/express-4.12.3.tgz
182 silly lockFile c3db49de-s-org-express-express-4-12-3-tgz https://registry.npmjs.org/express/-/express-4.12.3.tgz
183 silly lockFile 0b3fc563-express-4-12-3 express@4.12.3
184 silly lockFile 0b3fc563-express-4-12-3 express@4.12.3
185 http 304 https://registry.npmjs.org/leanengine
186 silly registry.get cb [ 304,
186 silly registry.get   { date: 'Thu, 01 Sep 2016 07:28:08 GMT',
186 silly registry.get     via: '1.1 varnish',
186 silly registry.get     'cache-control': 'max-age=300',
186 silly registry.get     etag: '"9SUOR829OZAI9ECLEHXHB3RCE"',
186 silly registry.get     age: '0',
186 silly registry.get     connection: 'keep-alive',
186 silly registry.get     'x-served-by': 'cache-hkg6824-HKG',
186 silly registry.get     'x-cache': 'MISS',
186 silly registry.get     'x-cache-hits': '0',
186 silly registry.get     'x-timer': 'S1472714888.191981,VS0,VE781',
186 silly registry.get     vary: 'Accept-Encoding' } ]
187 verbose etag https://registry.npmjs.org/leanengine from cache
188 silly addNameRange number 2 { name: 'leanengine',
188 silly addNameRange   range: '>=1.0.0-beta <2.0.0-0',
188 silly addNameRange   hasData: true }
189 silly addNameRange versions [ 'leanengine',
189 silly addNameRange   [ '0.1.0',
189 silly addNameRange     '0.1.1',
189 silly addNameRange     '0.1.2',
189 silly addNameRange     '0.1.3',
189 silly addNameRange     '0.1.4',
189 silly addNameRange     '0.1.5',
189 silly addNameRange     '0.1.6',
189 silly addNameRange     '0.2.0',
189 silly addNameRange     '0.3.0',
189 silly addNameRange     '0.4.0',
189 silly addNameRange     '1.0.0-beta.0',
189 silly addNameRange     '1.0.0-beta.1',
189 silly addNameRange     '1.0.0-rc',
189 silly addNameRange     '1.0.0-rc.1',
189 silly addNameRange     '0.4.1',
189 silly addNameRange     '1.0.0',
189 silly addNameRange     '0.4.2',
189 silly addNameRange     '1.0.1',
189 silly addNameRange     '1.1.0',
189 silly addNameRange     '1.2.0',
189 silly addNameRange     '1.2.1' ] ]
190 verbose addNamed [ 'leanengine', '1.2.1' ]
191 verbose addNamed [ '1.2.1', '1.2.1' ]
192 silly lockFile d56ccfe9-leanengine-1-2-1 leanengine@1.2.1
193 verbose lock leanengine@1.2.1 /Users/harryfeng/.npm/d56ccfe9-leanengine-1-2-1.lock
194 silly lockFile fd77d476--leanengine-leanengine-1-2-1-tgz https://registry.npmjs.org/leanengine/-/leanengine-1.2.1.tgz
195 verbose lock https://registry.npmjs.org/leanengine/-/leanengine-1.2.1.tgz /Users/harryfeng/.npm/fd77d476--leanengine-leanengine-1-2-1-tgz.lock
196 verbose addRemoteTarball [ 'https://registry.npmjs.org/leanengine/-/leanengine-1.2.1.tgz',
196 verbose addRemoteTarball   'ad84f353c9a1c4a52665f2c49d11e688c16eaeef' ]
197 info retry fetch attempt 1 at 15:28:09
198 verbose fetch to= /var/folders/c5/0rvm0_nd4hvb402bm3vhj4g80000gp/T/npm-15955-mx8upoFJ/registry.npmjs.org/leanengine/-/leanengine-1.2.1.tgz
199 http GET https://registry.npmjs.org/leanengine/-/leanengine-1.2.1.tgz
200 http 200 https://registry.npmjs.org/leanengine/-/leanengine-1.2.1.tgz
201 silly lockFile fd77d476--leanengine-leanengine-1-2-1-tgz https://registry.npmjs.org/leanengine/-/leanengine-1.2.1.tgz
202 silly lockFile fd77d476--leanengine-leanengine-1-2-1-tgz https://registry.npmjs.org/leanengine/-/leanengine-1.2.1.tgz
203 silly lockFile d56ccfe9-leanengine-1-2-1 leanengine@1.2.1
204 silly lockFile d56ccfe9-leanengine-1-2-1 leanengine@1.2.1
205 silly lockFile c09cc3a4-leanengine-1-0-0-beta leanengine@^1.0.0-beta
206 silly lockFile c09cc3a4-leanengine-1-0-0-beta leanengine@^1.0.0-beta
207 error Error: EACCES, mkdir '/Users/harryfeng/.npm/leanengine/1.2.1'
207 error  { [Error: EACCES, mkdir '/Users/harryfeng/.npm/leanengine/1.2.1']
207 error   errno: 3,
207 error   code: 'EACCES',
207 error   path: '/Users/harryfeng/.npm/leanengine/1.2.1',
207 error   parent: 'node-js-getting-started' }
208 error Please try running this command again as root/Administrator.
209 error System Darwin 15.5.0
210 error command "node" "/usr/local/bin/npm" "install"
211 error cwd /Users/harryfeng/Documents/iOSKitchenSink/leanCloudServerFiles
212 error node -v v0.10.33
213 error npm -v 1.4.28
214 error path /Users/harryfeng/.npm/leanengine/1.2.1
215 error code EACCES
216 error errno 3
217 error stack Error: EACCES, mkdir '/Users/harryfeng/.npm/leanengine/1.2.1'
218 verbose exit [ 3, true ]
